2024-05-31T08:29:46.277Z : [32minfo[39m : Connected to the database undefined
2024-05-31T08:30:27.588Z : [32minfo[39m : App is running at port 4003
2024-05-31T08:30:27.602Z : [32minfo[39m : Connected to the database undefined
2024-05-31T08:31:00.965Z : [32minfo[39m : App is running at port 4003
2024-05-31T08:31:00.981Z : [32minfo[39m : Connected to the database undefined
2024-05-31T08:31:07.454Z : [32minfo[39m : App is running at port 4003
2024-05-31T08:31:07.472Z : [32minfo[39m : Connected to the database undefined
2024-05-31T08:31:12.540Z : [32minfo[39m : App is running at port 4003
2024-05-31T08:31:12.556Z : [32minfo[39m : Connected to the database undefined
2024-05-31T08:31:18.102Z : [32minfo[39m : App is running at port 4003
2024-05-31T08:31:18.119Z : [32minfo[39m : Connected to the database undefined
2024-05-31T08:31:19.967Z : [32minfo[39m : App is running at port 4003
2024-05-31T08:31:19.983Z : [32minfo[39m : Connected to the database undefined
2024-05-31T08:31:21.814Z : [32minfo[39m : App is running at port 4003
2024-05-31T08:31:21.829Z : [32minfo[39m : Connected to the database undefined
2024-05-31T08:31:28.136Z : [32minfo[39m : App is running at port 4003
2024-05-31T08:31:28.153Z : [32minfo[39m : Connected to the database undefined
2024-05-31T08:31:30.693Z : [32minfo[39m : App is running at port 4003
2024-05-31T08:31:30.707Z : [32minfo[39m : Connected to the database undefined
2024-05-31T08:31:40.132Z : [32minfo[39m : App is running at port 4003
2024-05-31T08:31:40.149Z : [32minfo[39m : Connected to the database undefined
2024-05-31T08:31:42.504Z : [32minfo[39m : App is running at port 4003
2024-05-31T08:31:42.519Z : [32minfo[39m : Connected to the database undefined
2024-05-31T08:31:51.838Z : [32minfo[39m : App is running at port 4003
2024-05-31T08:31:51.855Z : [32minfo[39m : Connected to the database undefined
2024-05-31T08:31:55.636Z : [32minfo[39m : App is running at port 4003
2024-05-31T08:31:55.652Z : [32minfo[39m : Connected to the database undefined
2024-05-31T08:32:01.623Z : [32minfo[39m : App is running at port 4003
2024-05-31T08:32:01.637Z : [32minfo[39m : Connected to the database undefined
2024-05-31T08:32:06.707Z : [32minfo[39m : App is running at port 4003
2024-05-31T08:32:06.722Z : [32minfo[39m : Connected to the database undefined
2024-05-31T08:32:09.942Z : [32minfo[39m : App is running at port 4003
2024-05-31T08:32:09.957Z : [32minfo[39m : Connected to the database undefined
2024-05-31T08:32:13.581Z : [32minfo[39m : App is running at port 4003
2024-05-31T08:32:13.596Z : [32minfo[39m : Connected to the database undefined
2024-05-31T08:32:18.785Z : [32minfo[39m : App is running at port 4003
2024-05-31T08:32:18.809Z : [32minfo[39m : Connected to the database undefined
2024-05-31T08:32:34.940Z : [32minfo[39m : App is running at port 4003
2024-05-31T08:32:34.956Z : [32minfo[39m : Connected to the database undefined
2024-05-31T08:32:36.789Z : [32minfo[39m : App is running at port 4003
2024-05-31T08:32:36.806Z : [32minfo[39m : Connected to the database undefined
2024-05-31T08:32:38.067Z : [32minfo[39m : App is running at port 4003
2024-05-31T08:32:38.083Z : [32minfo[39m : Connected to the database undefined
2024-05-31T08:32:41.875Z : [32minfo[39m : App is running at port 4003
2024-05-31T08:32:41.892Z : [32minfo[39m : Connected to the database undefined
2024-05-31T08:32:45.743Z : [32minfo[39m : App is running at port 4003
2024-05-31T08:32:45.760Z : [32minfo[39m : Connected to the database undefined
2024-05-31T08:32:48.001Z : [32minfo[39m : App is running at port 4003
2024-05-31T08:32:48.016Z : [32minfo[39m : Connected to the database undefined
2024-05-31T08:32:49.624Z : [32minfo[39m : App is running at port 4003
2024-05-31T08:32:49.641Z : [32minfo[39m : Connected to the database undefined
2024-05-31T08:32:51.322Z : [32minfo[39m : App is running at port 4003
2024-05-31T08:32:51.340Z : [32minfo[39m : Connected to the database undefined
2024-05-31T08:33:01.298Z : [32minfo[39m : App is running at port 4003
2024-05-31T08:33:01.314Z : [32minfo[39m : Connected to the database undefined
2024-05-31T08:33:02.734Z : [32minfo[39m : App is running at port 4003
2024-05-31T08:33:02.748Z : [32minfo[39m : Connected to the database undefined
2024-05-31T08:33:16.316Z : [32minfo[39m : App is running at port 4003
2024-05-31T08:33:16.331Z : [32minfo[39m : Connected to the database undefined
2024-05-31T08:33:20.615Z : [32minfo[39m : App is running at port 4003
2024-05-31T08:33:20.631Z : [32minfo[39m : Connected to the database undefined
2024-05-31T08:33:26.860Z : [32minfo[39m : App is running at port 4003
2024-05-31T08:33:26.877Z : [32minfo[39m : Connected to the database undefined
2024-05-31T08:33:43.055Z : [32minfo[39m : App is running at port 4003
2024-05-31T08:33:43.071Z : [32minfo[39m : Connected to the database undefined
2024-05-31T08:33:46.699Z : [32minfo[39m : App is running at port 4003
2024-05-31T08:33:46.715Z : [32minfo[39m : Connected to the database undefined
2024-05-31T08:33:50.415Z : [32minfo[39m : App is running at port 4003
2024-05-31T08:33:50.429Z : [32minfo[39m : Connected to the database undefined
2024-05-31T08:33:52.374Z : [32minfo[39m : App is running at port 4003
2024-05-31T08:33:52.390Z : [32minfo[39m : Connected to the database undefined
2024-05-31T08:33:56.255Z : [32minfo[39m : App is running at port 4003
2024-05-31T08:33:56.273Z : [32minfo[39m : Connected to the database undefined
2024-05-31T08:33:57.640Z : [32minfo[39m : App is running at port 4003
2024-05-31T08:33:57.655Z : [32minfo[39m : Connected to the database undefined
2024-05-31T08:34:10.631Z : [32minfo[39m : App is running at port 4003
2024-05-31T08:34:10.645Z : [32minfo[39m : Connected to the database undefined
2024-05-31T08:34:18.452Z : [32minfo[39m : App is running at port 4003
2024-05-31T08:34:18.467Z : [32minfo[39m : Connected to the database undefined
2024-05-31T08:34:22.764Z : [32minfo[39m : App is running at port 4003
2024-05-31T08:34:22.778Z : [32minfo[39m : Connected to the database undefined
2024-05-31T08:34:29.384Z : [32minfo[39m : App is running at port 4003
2024-05-31T08:34:29.399Z : [32minfo[39m : Connected to the database undefined
2024-05-31T08:34:33.390Z : [32minfo[39m : App is running at port 4003
2024-05-31T08:34:33.408Z : [32minfo[39m : Connected to the database undefined
2024-05-31T08:34:36.354Z : [32minfo[39m : App is running at port 4003
2024-05-31T08:34:36.368Z : [32minfo[39m : Connected to the database undefined
2024-05-31T08:34:38.339Z : [32minfo[39m : App is running at port 4003
2024-05-31T08:34:38.355Z : [32minfo[39m : Connected to the database undefined
2024-05-31T08:34:44.999Z : [32minfo[39m : App is running at port 4003
2024-05-31T08:34:45.016Z : [32minfo[39m : Connected to the database undefined
2024-05-31T08:34:47.326Z : [32minfo[39m : App is running at port 4003
2024-05-31T08:34:47.340Z : [32minfo[39m : Connected to the database undefined
2024-05-31T08:34:53.535Z : [32minfo[39m : App is running at port 4003
2024-05-31T08:34:53.552Z : [32minfo[39m : Connected to the database undefined
2024-05-31T08:34:55.832Z : [32minfo[39m : App is running at port 4003
2024-05-31T08:34:55.854Z : [32minfo[39m : Connected to the database undefined
2024-05-31T08:35:07.186Z : [32minfo[39m : App is running at port 4003
2024-05-31T08:35:07.200Z : [32minfo[39m : Connected to the database undefined
2024-05-31T08:35:23.088Z : [32minfo[39m : App is running at port 4003
2024-05-31T08:35:23.104Z : [32minfo[39m : Connected to the database undefined
2024-05-31T08:35:24.346Z : [32minfo[39m : App is running at port 4003
2024-05-31T08:35:24.362Z : [32minfo[39m : Connected to the database undefined
2024-05-31T08:35:27.569Z : [32minfo[39m : App is running at port 4003
2024-05-31T08:35:27.587Z : [32minfo[39m : Connected to the database undefined
2024-05-31T08:35:31.261Z : [32minfo[39m : App is running at port 4003
2024-05-31T08:35:31.277Z : [32minfo[39m : Connected to the database undefined
2024-05-31T08:35:49.456Z : [32minfo[39m : App is running at port 4003
2024-05-31T08:35:49.470Z : [32minfo[39m : Connected to the database undefined
2024-05-31T08:35:51.462Z : [32minfo[39m : App is running at port 4003
2024-05-31T08:35:51.476Z : [32minfo[39m : Connected to the database undefined
2024-05-31T08:35:56.135Z : [32minfo[39m : App is running at port 4003
2024-05-31T08:35:56.151Z : [32minfo[39m : Connected to the database undefined
2024-05-31T08:35:58.263Z : [32minfo[39m : App is running at port 4003
2024-05-31T08:35:58.277Z : [32minfo[39m : Connected to the database undefined
2024-05-31T08:36:10.727Z : [32minfo[39m : App is running at port 4003
2024-05-31T08:36:10.742Z : [32minfo[39m : Connected to the database undefined
2024-05-31T08:36:14.764Z : [32minfo[39m : App is running at port 4003
2024-05-31T08:36:14.783Z : [32minfo[39m : Connected to the database undefined
2024-05-31T08:36:19.809Z : [32minfo[39m : App is running at port 4003
2024-05-31T08:36:19.825Z : [32minfo[39m : Connected to the database undefined
2024-05-31T08:36:21.367Z : [32minfo[39m : App is running at port 4003
2024-05-31T08:36:21.382Z : [32minfo[39m : Connected to the database undefined
2024-05-31T08:36:27.669Z : [32minfo[39m : App is running at port 4003
2024-05-31T08:36:27.687Z : [32minfo[39m : Connected to the database undefined
2024-05-31T08:36:49.072Z : [32minfo[39m : App is running at port 4003
2024-05-31T08:36:49.086Z : [32minfo[39m : Connected to the database undefined
2024-05-31T08:36:57.661Z : [32minfo[39m : App is running at port 4003
2024-05-31T08:36:57.675Z : [32minfo[39m : Connected to the database undefined
2024-05-31T08:37:02.414Z : [32minfo[39m : App is running at port 4003
2024-05-31T08:37:02.429Z : [32minfo[39m : Connected to the database undefined
2024-05-31T08:37:04.772Z : [32minfo[39m : App is running at port 4003
2024-05-31T08:37:04.786Z : [32minfo[39m : Connected to the database undefined
2024-05-31T08:37:06.856Z : [32minfo[39m : App is running at port 4003
2024-05-31T08:37:06.873Z : [32minfo[39m : Connected to the database undefined
2024-05-31T08:37:48.727Z : [32minfo[39m : App is running at port 4003
2024-05-31T08:37:48.750Z : [32minfo[39m : Connected to the database undefined
2024-05-31T08:38:28.771Z : [32minfo[39m : App is running at port 4003
2024-05-31T08:38:28.788Z : [32minfo[39m : Connected to the database undefined
2024-05-31T08:38:51.449Z : [32minfo[39m : App is running at port 4003
2024-05-31T08:38:51.465Z : [32minfo[39m : Connected to the database Brij_divine_stay
2024-05-31T08:39:22.394Z : [32minfo[39m : App is running at port 4003
2024-05-31T08:39:22.421Z : [32minfo[39m : Connected to the database Brij_divine_stay
2024-05-31T08:39:25.986Z : [32minfo[39m : App is running at port 4003
2024-05-31T08:39:26.000Z : [32minfo[39m : Connected to the database Brij_divine_stay
2024-05-31T08:39:30.728Z : [32minfo[39m : App is running at port 4003
2024-05-31T08:39:30.748Z : [32minfo[39m : Connected to the database Brij_divine_stay
2024-05-31T08:39:31.957Z : [32minfo[39m : App is running at port 4003
2024-05-31T08:39:31.971Z : [32minfo[39m : Connected to the database Brij_divine_stay
2024-05-31T08:39:35.836Z : [32minfo[39m : App is running at port 4003
2024-05-31T08:39:35.850Z : [32minfo[39m : Connected to the database Brij_divine_stay
2024-05-31T08:39:39.062Z : [32minfo[39m : App is running at port 4003
2024-05-31T08:39:39.076Z : [32minfo[39m : Connected to the database Brij_divine_stay
2024-05-31T08:39:47.040Z : [32minfo[39m : App is running at port 4003
2024-05-31T08:39:47.055Z : [32minfo[39m : Connected to the database Brij_divine_stay
2024-05-31T08:39:48.693Z : [32minfo[39m : App is running at port 4003
2024-05-31T08:39:48.709Z : [32minfo[39m : Connected to the database Brij_divine_stay
2024-05-31T08:39:58.272Z : [32minfo[39m : App is running at port 4003
2024-05-31T08:39:58.289Z : [32minfo[39m : Connected to the database Brij_divine_stay
2024-05-31T08:40:02.316Z : [32minfo[39m : App is running at port 4003
2024-05-31T08:40:02.332Z : [32minfo[39m : Connected to the database Brij_divine_stay
2024-05-31T08:40:07.648Z : [32minfo[39m : App is running at port 4003
2024-05-31T08:40:07.665Z : [32minfo[39m : Connected to the database Brij_divine_stay
2024-05-31T08:40:10.454Z : [32minfo[39m : App is running at port 4003
2024-05-31T08:40:10.470Z : [32minfo[39m : Connected to the database Brij_divine_stay
2024-05-31T08:40:20.303Z : [32minfo[39m : App is running at port 4003
2024-05-31T08:40:20.320Z : [32minfo[39m : Connected to the database Brij_divine_stay
2024-05-31T08:40:27.362Z : [32minfo[39m : App is running at port 4003
2024-05-31T08:40:27.378Z : [32minfo[39m : Connected to the database Brij_divine_stay
2024-05-31T08:40:28.685Z : [32minfo[39m : App is running at port 4003
2024-05-31T08:40:28.702Z : [32minfo[39m : Connected to the database Brij_divine_stay
2024-05-31T08:40:36.662Z : [32minfo[39m : App is running at port 4003
2024-05-31T08:40:36.679Z : [32minfo[39m : Connected to the database Brij_divine_stay
2024-05-31T08:40:38.503Z : [32minfo[39m : App is running at port 4003
2024-05-31T08:40:38.520Z : [32minfo[39m : Connected to the database Brij_divine_stay
2024-05-31T08:40:42.815Z : [32minfo[39m : App is running at port 4003
2024-05-31T08:40:42.835Z : [32minfo[39m : Connected to the database Brij_divine_stay
2024-05-31T08:40:48.321Z : [32minfo[39m : App is running at port 4003
2024-05-31T08:40:48.339Z : [32minfo[39m : Connected to the database Brij_divine_stay
2024-05-31T08:40:58.667Z : [32minfo[39m : App is running at port 4003
2024-05-31T08:40:58.683Z : [32minfo[39m : Connected to the database Brij_divine_stay
2024-05-31T08:41:10.174Z : [32minfo[39m : App is running at port 4003
2024-05-31T08:41:10.187Z : [32minfo[39m : Connected to the database Brij_divine_stay
2024-05-31T08:41:21.943Z : [32minfo[39m : App is running at port 4003
2024-05-31T08:41:21.962Z : [32minfo[39m : Connected to the database Brij_divine_stay
2024-05-31T08:41:26.585Z : [32minfo[39m : App is running at port 4003
2024-05-31T08:41:26.599Z : [32minfo[39m : Connected to the database Brij_divine_stay
2024-05-31T08:41:31.850Z : [32minfo[39m : App is running at port 4003
2024-05-31T08:41:31.866Z : [32minfo[39m : Connected to the database Brij_divine_stay
2024-05-31T08:41:36.834Z : [32minfo[39m : App is running at port 4003
2024-05-31T08:41:36.852Z : [32minfo[39m : Connected to the database Brij_divine_stay
2024-05-31T08:41:39.016Z : [32minfo[39m : App is running at port 4003
2024-05-31T08:41:39.033Z : [32minfo[39m : Connected to the database Brij_divine_stay
2024-05-31T08:41:44.111Z : [32minfo[39m : App is running at port 4003
2024-05-31T08:41:44.128Z : [32minfo[39m : Connected to the database Brij_divine_stay
2024-05-31T08:41:45.607Z : [32minfo[39m : App is running at port 4003
2024-05-31T08:41:45.624Z : [32minfo[39m : Connected to the database Brij_divine_stay
2024-05-31T08:41:48.491Z : [32minfo[39m : App is running at port 4003
2024-05-31T08:41:48.508Z : [32minfo[39m : Connected to the database Brij_divine_stay
2024-05-31T08:41:55.311Z : [32minfo[39m : App is running at port 4003
2024-05-31T08:41:55.328Z : [32minfo[39m : Connected to the database Brij_divine_stay
2024-05-31T08:42:01.397Z : [32minfo[39m : App is running at port 4003
2024-05-31T08:42:01.412Z : [32minfo[39m : Connected to the database Brij_divine_stay
2024-05-31T08:42:05.113Z : [32minfo[39m : App is running at port 4003
2024-05-31T08:42:05.131Z : [32minfo[39m : Connected to the database Brij_divine_stay
2024-05-31T08:42:06.271Z : [32minfo[39m : App is running at port 4003
2024-05-31T08:42:06.288Z : [32minfo[39m : Connected to the database Brij_divine_stay
2024-05-31T08:42:09.118Z : [32minfo[39m : App is running at port 4003
2024-05-31T08:42:09.132Z : [32minfo[39m : Connected to the database Brij_divine_stay
2024-05-31T08:42:14.681Z : [32minfo[39m : App is running at port 4003
2024-05-31T08:42:14.697Z : [32minfo[39m : Connected to the database Brij_divine_stay
2024-05-31T08:42:23.859Z : [32minfo[39m : App is running at port 4003
2024-05-31T08:42:23.875Z : [32minfo[39m : Connected to the database Brij_divine_stay
2024-05-31T08:42:26.435Z : [32minfo[39m : App is running at port 4003
2024-05-31T08:42:26.451Z : [32minfo[39m : Connected to the database Brij_divine_stay
2024-05-31T08:42:27.863Z : [32minfo[39m : App is running at port 4003
2024-05-31T08:42:27.881Z : [32minfo[39m : Connected to the database Brij_divine_stay
2024-05-31T08:42:30.144Z : [32minfo[39m : App is running at port 4003
2024-05-31T08:42:30.159Z : [32minfo[39m : Connected to the database Brij_divine_stay
2024-05-31T08:42:33.729Z : [32minfo[39m : App is running at port 4003
2024-05-31T08:42:33.747Z : [32minfo[39m : Connected to the database Brij_divine_stay
2024-05-31T08:42:50.044Z : [32minfo[39m : App is running at port 4003
2024-05-31T08:42:50.061Z : [32minfo[39m : Connected to the database Brij_divine_stay
2024-05-31T08:42:58.197Z : [32minfo[39m : App is running at port 4003
2024-05-31T08:42:58.214Z : [32minfo[39m : Connected to the database Brij_divine_stay
2024-05-31T08:43:02.966Z : [32minfo[39m : App is running at port 4003
2024-05-31T08:43:02.988Z : [32minfo[39m : Connected to the database Brij_divine_stay
2024-05-31T08:43:04.760Z : [32minfo[39m : App is running at port 4003
2024-05-31T08:43:04.775Z : [32minfo[39m : Connected to the database Brij_divine_stay
2024-05-31T08:43:05.707Z : [32minfo[39m : App is running at port 4003
2024-05-31T08:43:05.724Z : [32minfo[39m : Connected to the database Brij_divine_stay
2024-05-31T08:43:14.957Z : [32minfo[39m : App is running at port 4003
2024-05-31T08:43:14.972Z : [32minfo[39m : Connected to the database Brij_divine_stay
2024-05-31T08:43:18.546Z : [32minfo[39m : App is running at port 4003
2024-05-31T08:43:18.562Z : [32minfo[39m : Connected to the database Brij_divine_stay
2024-05-31T08:43:23.095Z : [32minfo[39m : App is running at port 4003
2024-05-31T08:43:23.114Z : [32minfo[39m : Connected to the database Brij_divine_stay
2024-05-31T08:43:29.855Z : [32minfo[39m : App is running at port 4003
2024-05-31T08:43:29.871Z : [32minfo[39m : Connected to the database Brij_divine_stay
2024-05-31T08:43:34.041Z : [32minfo[39m : App is running at port 4003
2024-05-31T08:43:34.058Z : [32minfo[39m : Connected to the database Brij_divine_stay
2024-05-31T08:43:40.040Z : [32minfo[39m : App is running at port 4003
2024-05-31T08:43:40.059Z : [32minfo[39m : Connected to the database Brij_divine_stay
2024-05-31T08:43:44.061Z : [32minfo[39m : App is running at port 4003
2024-05-31T08:43:44.076Z : [32minfo[39m : Connected to the database Brij_divine_stay
2024-05-31T08:43:53.718Z : [32minfo[39m : App is running at port 4003
2024-05-31T08:43:53.734Z : [32minfo[39m : Connected to the database Brij_divine_stay
2024-05-31T08:44:09.798Z : [32minfo[39m : App is running at port 4003
2024-05-31T08:44:09.812Z : [32minfo[39m : Connected to the database Brij_divine_stay
2024-05-31T08:44:33.365Z : [32minfo[39m : App is running at port 4003
2024-05-31T08:44:33.381Z : [32minfo[39m : Connected to the database Brij_divine_stay
2024-05-31T08:44:43.431Z : [32minfo[39m : App is running at port 4003
2024-05-31T08:44:43.448Z : [32minfo[39m : Connected to the database Brij_divine_stay
2024-05-31T08:44:44.815Z : [32minfo[39m : App is running at port 4003
2024-05-31T08:44:44.832Z : [32minfo[39m : Connected to the database Brij_divine_stay
2024-05-31T08:44:48.456Z : [32minfo[39m : App is running at port 4003
2024-05-31T08:44:48.472Z : [32minfo[39m : Connected to the database Brij_divine_stay
2024-05-31T08:44:56.483Z : [32minfo[39m : App is running at port 4003
2024-05-31T08:44:56.501Z : [32minfo[39m : Connected to the database Brij_divine_stay
2024-05-31T08:45:10.773Z : [32minfo[39m : App is running at port 4003
2024-05-31T08:45:10.790Z : [32minfo[39m : Connected to the database Brij_divine_stay
2024-05-31T08:45:18.522Z : [32minfo[39m : App is running at port 4003
2024-05-31T08:45:18.536Z : [32minfo[39m : Connected to the database Brij_divine_stay
2024-05-31T08:45:27.796Z : [32minfo[39m : App is running at port 4003
2024-05-31T08:45:27.813Z : [32minfo[39m : Connected to the database Brij_divine_stay
2024-05-31T08:46:46.836Z : [32minfo[39m : App is running at port 4003
2024-05-31T08:46:46.852Z : [32minfo[39m : Connected to the database Brij_divine_stay
2024-05-31T08:46:51.283Z : [32minfo[39m : App is running at port 4003
2024-05-31T08:46:51.298Z : [32minfo[39m : Connected to the database Brij_divine_stay
2024-05-31T08:47:01.857Z : [32minfo[39m : App is running at port 4003
2024-05-31T08:47:01.872Z : [32minfo[39m : Connected to the database Brij_divine_stay
2024-05-31T08:47:29.694Z : [32minfo[39m : App is running at port 4003
2024-05-31T08:47:29.713Z : [32minfo[39m : Connected to the database Brij_divine_stay
2024-05-31T08:47:35.614Z : [32minfo[39m : App is running at port 4003
2024-05-31T08:47:35.629Z : [32minfo[39m : Connected to the database Brij_divine_stay
2024-05-31T08:47:50.347Z : [32minfo[39m : App is running at port 4003
2024-05-31T08:47:50.360Z : [32minfo[39m : Connected to the database Brij_divine_stay
2024-05-31T08:49:06.233Z : [32minfo[39m : App is running at port 4003
2024-05-31T08:49:06.249Z : [32minfo[39m : Connected to the database Brij_divine_stay
2024-05-31T08:49:07.447Z : [32minfo[39m : App is running at port 4003
2024-05-31T08:49:07.468Z : [32minfo[39m : Connected to the database Brij_divine_stay
2024-05-31T08:49:10.586Z : [32minfo[39m : App is running at port 4003
2024-05-31T08:49:10.600Z : [32minfo[39m : Connected to the database Brij_divine_stay
2024-05-31T08:51:57.621Z : [32minfo[39m : App is running at port 4003
2024-05-31T08:51:57.637Z : [32minfo[39m : Connected to the database Brij_divine_stay
2024-05-31T08:52:07.039Z : [32minfo[39m : App is running at port 4003
2024-05-31T08:52:07.056Z : [32minfo[39m : Connected to the database Brij_divine_stay
2024-05-31T08:52:49.092Z : [32minfo[39m : App is running at port 4003
2024-05-31T08:52:49.109Z : [32minfo[39m : Connected to the database Brij_divine_stay
2024-05-31T08:52:52.335Z : [32minfo[39m : App is running at port 4003
2024-05-31T08:52:52.355Z : [32minfo[39m : Connected to the database Brij_divine_stay
2024-05-31T08:52:56.613Z : [32minfo[39m : App is running at port 4003
2024-05-31T08:52:56.630Z : [32minfo[39m : Connected to the database Brij_divine_stay
2024-05-31T08:53:00.882Z : [32minfo[39m : App is running at port 4003
2024-05-31T08:53:00.899Z : [32minfo[39m : Connected to the database Brij_divine_stay
2024-05-31T08:53:07.670Z : [32minfo[39m : App is running at port 4003
2024-05-31T08:53:07.687Z : [32minfo[39m : Connected to the database Brij_divine_stay
2024-05-31T08:53:22.274Z : [32minfo[39m : App is running at port 4003
2024-05-31T08:53:22.292Z : [32minfo[39m : Connected to the database Brij_divine_stay
2024-05-31T08:53:23.990Z : [32minfo[39m : App is running at port 4003
2024-05-31T08:53:24.007Z : [32minfo[39m : Connected to the database Brij_divine_stay
2024-05-31T08:53:48.874Z : [32minfo[39m : App is running at port 4003
2024-05-31T08:53:48.893Z : [32minfo[39m : Connected to the database Brij_divine_stay
2024-05-31T08:53:49.999Z : [32minfo[39m : App is running at port 4003
2024-05-31T08:53:50.015Z : [32minfo[39m : Connected to the database Brij_divine_stay
2024-05-31T08:53:55.298Z : [32minfo[39m : App is running at port 4003
2024-05-31T08:53:55.315Z : [32minfo[39m : Connected to the database Brij_divine_stay
2024-05-31T08:53:59.367Z : [32minfo[39m : App is running at port 4003
2024-05-31T08:53:59.381Z : [32minfo[39m : Connected to the database Brij_divine_stay
2024-05-31T08:54:07.080Z : [32minfo[39m : App is running at port 4003
2024-05-31T08:54:07.098Z : [32minfo[39m : Connected to the database Brij_divine_stay
2024-05-31T08:54:12.123Z : [32minfo[39m : App is running at port 4003
2024-05-31T08:54:12.142Z : [32minfo[39m : Connected to the database Brij_divine_stay
2024-05-31T08:54:29.131Z : [32minfo[39m : App is running at port 4003
2024-05-31T08:54:29.147Z : [32minfo[39m : Connected to the database Brij_divine_stay
2024-05-31T08:54:32.921Z : [32minfo[39m : App is running at port 4003
2024-05-31T08:54:32.938Z : [32minfo[39m : Connected to the database Brij_divine_stay
2024-05-31T08:54:51.125Z : [32minfo[39m : App is running at port 4003
2024-05-31T08:54:51.141Z : [32minfo[39m : Connected to the database Brij_divine_stay
2024-05-31T08:55:06.858Z : [32minfo[39m : App is running at port 4003
2024-05-31T08:55:06.877Z : [32minfo[39m : Connected to the database Brij_divine_stay
2024-05-31T08:55:12.686Z : [32minfo[39m : App is running at port 4003
2024-05-31T08:55:12.702Z : [32minfo[39m : Connected to the database Brij_divine_stay
2024-05-31T08:55:33.325Z : [32minfo[39m : App is running at port 4003
2024-05-31T08:55:33.339Z : [32minfo[39m : Connected to the database Brij_divine_stay
2024-05-31T08:55:43.704Z : [32minfo[39m : App is running at port 4003
2024-05-31T08:55:43.723Z : [32minfo[39m : Connected to the database Brij_divine_stay
2024-05-31T08:55:48.214Z : [32minfo[39m : App is running at port 4003
2024-05-31T08:55:48.230Z : [32minfo[39m : Connected to the database Brij_divine_stay
2024-05-31T08:55:50.888Z : [32minfo[39m : App is running at port 4003
2024-05-31T08:55:50.903Z : [32minfo[39m : Connected to the database Brij_divine_stay
2024-05-31T08:55:59.006Z : [32minfo[39m : App is running at port 4003
2024-05-31T08:55:59.020Z : [32minfo[39m : Connected to the database Brij_divine_stay
2024-05-31T08:56:08.394Z : [32minfo[39m : App is running at port 4003
2024-05-31T08:56:08.411Z : [32minfo[39m : Connected to the database Brij_divine_stay
2024-05-31T08:56:10.167Z : [32minfo[39m : App is running at port 4003
2024-05-31T08:56:10.183Z : [32minfo[39m : Connected to the database Brij_divine_stay
2024-05-31T08:56:45.360Z : [32minfo[39m : App is running at port 4003
2024-05-31T08:56:45.376Z : [32minfo[39m : Connected to the database Brij_divine_stay
2024-05-31T08:56:52.067Z : [32minfo[39m : App is running at port 4003
2024-05-31T08:56:52.083Z : [32minfo[39m : Connected to the database Brij_divine_stay
2024-05-31T08:56:58.738Z : [32minfo[39m : App is running at port 4003
2024-05-31T08:56:58.753Z : [32minfo[39m : Connected to the database Brij_divine_stay
2024-05-31T08:57:18.596Z : [32minfo[39m : App is running at port 4003
2024-05-31T08:57:18.611Z : [32minfo[39m : Connected to the database Brij_divine_stay
2024-05-31T08:57:20.161Z : [32minfo[39m : App is running at port 4003
2024-05-31T08:57:20.175Z : [32minfo[39m : Connected to the database Brij_divine_stay
2024-05-31T08:57:25.917Z : [32minfo[39m : App is running at port 4003
2024-05-31T08:57:25.933Z : [32minfo[39m : Connected to the database Brij_divine_stay
2024-05-31T08:57:27.784Z : [32minfo[39m : App is running at port 4003
2024-05-31T08:57:27.800Z : [32minfo[39m : Connected to the database Brij_divine_stay
2024-05-31T08:58:13.274Z : [32minfo[39m : App is running at port 4003
2024-05-31T08:58:13.290Z : [32minfo[39m : Connected to the database Brij_divine_stay
2024-05-31T08:58:16.010Z : [32minfo[39m : App is running at port 4003
2024-05-31T08:58:16.032Z : [32minfo[39m : Connected to the database Brij_divine_stay
2024-05-31T08:58:21.497Z : [32minfo[39m : App is running at port 4003
2024-05-31T08:58:21.511Z : [32minfo[39m : Connected to the database Brij_divine_stay
2024-05-31T08:58:25.220Z : [32minfo[39m : App is running at port 4003
2024-05-31T08:58:25.238Z : [32minfo[39m : Connected to the database Brij_divine_stay
2024-05-31T08:58:26.561Z : [32minfo[39m : App is running at port 4003
2024-05-31T08:58:26.577Z : [32minfo[39m : Connected to the database Brij_divine_stay
2024-05-31T08:59:44.802Z : [32minfo[39m : App is running at port 4003
2024-05-31T08:59:44.818Z : [32minfo[39m : Connected to the database Brij_divine_stay
2024-05-31T08:59:46.860Z : [32minfo[39m : App is running at port 4003
2024-05-31T08:59:46.876Z : [32minfo[39m : Connected to the database Brij_divine_stay
2024-05-31T09:00:26.617Z : [32minfo[39m : App is running at port 4003
2024-05-31T09:00:26.633Z : [32minfo[39m : Connected to the database Brij_divine_stay
2024-05-31T09:00:33.008Z : [32minfo[39m : App is running at port 4003
2024-05-31T09:00:33.030Z : [32minfo[39m : Connected to the database Brij_divine_stay
2024-05-31T09:00:56.514Z : [32minfo[39m : App is running at port 4003
2024-05-31T09:00:56.533Z : [32minfo[39m : Connected to the database Brij_divine_stay
2024-05-31T09:00:59.503Z : [32minfo[39m : App is running at port 4003
2024-05-31T09:00:59.518Z : [32minfo[39m : Connected to the database Brij_divine_stay
2024-05-31T09:01:08.838Z : [32minfo[39m : App is running at port 4003
2024-05-31T09:01:08.853Z : [32minfo[39m : Connected to the database Brij_divine_stay
2024-05-31T09:04:03.257Z : [32minfo[39m : App is running at port 4003
2024-05-31T09:04:03.273Z : [32minfo[39m : Connected to the database Brij_divine_stay
2024-05-31T09:04:11.370Z : [32minfo[39m : App is running at port 4003
2024-05-31T09:04:11.384Z : [32minfo[39m : Connected to the database Brij_divine_stay
2024-05-31T09:04:19.059Z : [32minfo[39m : App is running at port 4003
2024-05-31T09:04:19.073Z : [32minfo[39m : Connected to the database Brij_divine_stay
2024-05-31T09:05:23.766Z : [32minfo[39m : App is running at port 4003
2024-05-31T09:05:23.782Z : [32minfo[39m : Connected to the database Brij_divine_stay
2024-05-31T09:05:38.473Z : [31merror[39m : Error in Signing Up Cannot destructure property 'name' of 'req.body' as it is undefined.
2024-05-31T09:06:10.203Z : [32minfo[39m : App is running at port 4003
2024-05-31T09:06:10.218Z : [32minfo[39m : Connected to the database Brij_divine_stay
2024-05-31T09:07:26.749Z : [32minfo[39m : App is running at port 4003
2024-05-31T09:07:26.764Z : [32minfo[39m : Connected to the database Brij_divine_stay
2024-05-31T09:07:28.938Z : [32minfo[39m : App is running at port 4003
2024-05-31T09:07:28.953Z : [32minfo[39m : Connected to the database Brij_divine_stay
2024-05-31T09:07:55.333Z : [32minfo[39m : App is running at port 4003
2024-05-31T09:07:55.347Z : [32minfo[39m : Connected to the database Brij_divine_stay
2024-05-31T09:08:02.353Z : [31merror[39m : Error in Signing Up json is not defined
2024-05-31T09:08:21.002Z : [32minfo[39m : App is running at port 4003
2024-05-31T09:08:21.017Z : [32minfo[39m : Connected to the database Brij_divine_stay
2024-05-31T09:10:56.561Z : [32minfo[39m : App is running at port 4003
2024-05-31T09:10:56.576Z : [32minfo[39m : Connected to the database Brij_divine_stay
2024-05-31T09:11:00.139Z : [32minfo[39m : App is running at port 4003
2024-05-31T09:11:00.154Z : [32minfo[39m : Connected to the database Brij_divine_stay
2024-05-31T09:11:01.345Z : [32minfo[39m : App is running at port 4003
2024-05-31T09:11:01.360Z : [32minfo[39m : Connected to the database Brij_divine_stay
2024-05-31T09:11:12.394Z : [32minfo[39m : App is running at port 4003
2024-05-31T09:11:12.409Z : [32minfo[39m : Connected to the database Brij_divine_stay
2024-05-31T09:11:24.420Z : [32minfo[39m : App is running at port 4003
2024-05-31T09:11:24.435Z : [32minfo[39m : Connected to the database Brij_divine_stay
2024-05-31T09:11:26.254Z : [32minfo[39m : App is running at port 4003
2024-05-31T09:11:26.268Z : [32minfo[39m : Connected to the database Brij_divine_stay
2024-05-31T09:11:30.622Z : [32minfo[39m : App is running at port 4003
2024-05-31T09:11:30.639Z : [32minfo[39m : Connected to the database Brij_divine_stay
2024-05-31T09:12:47.340Z : [32minfo[39m : App is running at port 4003
2024-05-31T09:12:47.355Z : [32minfo[39m : Connected to the database Brij_divine_stay
2024-05-31T09:12:53.073Z : [32minfo[39m : App is running at port 4003
2024-05-31T09:12:53.089Z : [32minfo[39m : Connected to the database Brij_divine_stay
2024-05-31T09:13:41.607Z : [32minfo[39m : App is running at port 4003
2024-05-31T09:13:41.624Z : [32minfo[39m : Connected to the database Brij_divine_stay
2024-05-31T09:14:27.129Z : [31merror[39m : Error in Signing Up User validation failed: password: Cast to string failed for value "Promise { <pending> }" (type Promise) at path "password"
2024-05-31T09:15:15.448Z : [32minfo[39m : App is running at port 4003
2024-05-31T09:15:15.462Z : [32minfo[39m : Connected to the database Brij_divine_stay
2024-05-31T09:15:26.581Z : [32minfo[39m : App is running at port 4003
2024-05-31T09:15:26.596Z : [32minfo[39m : Connected to the database Brij_divine_stay
2024-05-31T09:15:45.860Z : [32minfo[39m : App is running at port 4003
2024-05-31T09:15:45.875Z : [32minfo[39m : Connected to the database Brij_divine_stay
2024-05-31T09:15:48.138Z : [32minfo[39m : App is running at port 4003
2024-05-31T09:15:48.155Z : [32minfo[39m : Connected to the database Brij_divine_stay
2024-05-31T09:15:52.711Z : [32minfo[39m : App is running at port 4003
2024-05-31T09:15:52.725Z : [32minfo[39m : Connected to the database Brij_divine_stay
2024-05-31T09:16:01.053Z : [32minfo[39m : App is running at port 4003
2024-05-31T09:16:01.068Z : [32minfo[39m : Connected to the database Brij_divine_stay
2024-05-31T09:16:03.543Z : [32minfo[39m : App is running at port 4003
2024-05-31T09:16:03.558Z : [32minfo[39m : Connected to the database Brij_divine_stay
2024-05-31T10:22:51.657Z : [32minfo[39m : App is running at port 4003
2024-05-31T10:22:51.674Z : [32minfo[39m : Connected to the database Brij_divine_stay
2024-05-31T10:22:57.188Z : [32minfo[39m : App is running at port 4003
2024-05-31T10:22:57.203Z : [32minfo[39m : Connected to the database Brij_divine_stay
2024-05-31T10:23:05.890Z : [32minfo[39m : App is running at port 4003
2024-05-31T10:23:05.904Z : [32minfo[39m : Connected to the database Brij_divine_stay
2024-05-31T10:23:07.683Z : [32minfo[39m : App is running at port 4003
2024-05-31T10:23:07.698Z : [32minfo[39m : Connected to the database Brij_divine_stay
2024-05-31T10:23:13.717Z : [32minfo[39m : App is running at port 4003
2024-05-31T10:23:13.731Z : [32minfo[39m : Connected to the database Brij_divine_stay
2024-05-31T10:23:22.933Z : [32minfo[39m : App is running at port 4003
2024-05-31T10:23:22.951Z : [32minfo[39m : Connected to the database Brij_divine_stay
2024-05-31T10:23:35.237Z : [32minfo[39m : App is running at port 4003
2024-05-31T10:23:35.251Z : [32minfo[39m : Connected to the database Brij_divine_stay
2024-05-31T10:23:41.328Z : [32minfo[39m : App is running at port 4003
2024-05-31T10:23:41.345Z : [32minfo[39m : Connected to the database Brij_divine_stay
2024-05-31T10:23:47.963Z : [32minfo[39m : App is running at port 4003
2024-05-31T10:23:47.979Z : [32minfo[39m : Connected to the database Brij_divine_stay
2024-05-31T10:24:13.559Z : [32minfo[39m : App is running at port 4003
2024-05-31T10:24:13.573Z : [32minfo[39m : Connected to the database Brij_divine_stay
2024-05-31T10:24:20.284Z : [32minfo[39m : App is running at port 4003
2024-05-31T10:24:20.300Z : [32minfo[39m : Connected to the database Brij_divine_stay
2024-05-31T10:24:22.353Z : [32minfo[39m : App is running at port 4003
2024-05-31T10:24:22.367Z : [32minfo[39m : Connected to the database Brij_divine_stay
2024-05-31T10:24:34.362Z : [32minfo[39m : App is running at port 4003
2024-05-31T10:24:34.378Z : [32minfo[39m : Connected to the database Brij_divine_stay
2024-05-31T10:24:38.869Z : [32minfo[39m : App is running at port 4003
2024-05-31T10:24:38.886Z : [32minfo[39m : Connected to the database Brij_divine_stay
2024-05-31T10:24:41.209Z : [32minfo[39m : App is running at port 4003
2024-05-31T10:24:41.225Z : [32minfo[39m : Connected to the database Brij_divine_stay
2024-05-31T10:24:47.654Z : [32minfo[39m : App is running at port 4003
2024-05-31T10:24:47.671Z : [32minfo[39m : Connected to the database Brij_divine_stay
2024-05-31T10:24:57.577Z : [32minfo[39m : App is running at port 4003
2024-05-31T10:24:57.592Z : [32minfo[39m : Connected to the database Brij_divine_stay
2024-05-31T10:25:35.881Z : [32minfo[39m : App is running at port 4003
2024-05-31T10:25:35.896Z : [32minfo[39m : Connected to the database Brij_divine_stay
2024-05-31T10:25:40.447Z : [32minfo[39m : App is running at port 4003
2024-05-31T10:25:40.464Z : [32minfo[39m : Connected to the database Brij_divine_stay
2024-05-31T10:25:45.827Z : [32minfo[39m : App is running at port 4003
2024-05-31T10:25:45.843Z : [32minfo[39m : Connected to the database Brij_divine_stay
2024-05-31T10:26:05.939Z : [32minfo[39m : App is running at port 4003
2024-05-31T10:26:05.955Z : [32minfo[39m : Connected to the database Brij_divine_stay
2024-05-31T10:26:17.236Z : [32minfo[39m : App is running at port 4003
2024-05-31T10:26:17.250Z : [32minfo[39m : Connected to the database Brij_divine_stay
2024-05-31T10:26:29.303Z : [32minfo[39m : App is running at port 4003
2024-05-31T10:26:29.318Z : [32minfo[39m : Connected to the database Brij_divine_stay
2024-05-31T10:26:31.929Z : [32minfo[39m : App is running at port 4003
2024-05-31T10:26:31.945Z : [32minfo[39m : Connected to the database Brij_divine_stay
2024-05-31T10:26:36.764Z : [32minfo[39m : App is running at port 4003
2024-05-31T10:26:36.781Z : [32minfo[39m : Connected to the database Brij_divine_stay
2024-05-31T10:26:58.711Z : [32minfo[39m : App is running at port 4003
2024-05-31T10:26:58.730Z : [32minfo[39m : Connected to the database Brij_divine_stay
2024-05-31T10:27:03.399Z : [32minfo[39m : App is running at port 4003
2024-05-31T10:27:03.414Z : [32minfo[39m : Connected to the database Brij_divine_stay
2024-05-31T10:27:30.349Z : [32minfo[39m : App is running at port 4003
2024-05-31T10:27:30.362Z : [32minfo[39m : Connected to the database Brij_divine_stay
2024-05-31T10:27:34.423Z : [32minfo[39m : App is running at port 4003
2024-05-31T10:27:34.441Z : [32minfo[39m : Connected to the database Brij_divine_stay
2024-05-31T10:27:37.616Z : [32minfo[39m : App is running at port 4003
2024-05-31T10:27:37.633Z : [32minfo[39m : Connected to the database Brij_divine_stay
2024-05-31T10:27:41.850Z : [32minfo[39m : App is running at port 4003
2024-05-31T10:27:41.865Z : [32minfo[39m : Connected to the database Brij_divine_stay
2024-05-31T10:27:47.597Z : [32minfo[39m : App is running at port 4003
2024-05-31T10:27:47.613Z : [32minfo[39m : Connected to the database Brij_divine_stay
2024-05-31T10:27:49.157Z : [32minfo[39m : App is running at port 4003
2024-05-31T10:27:49.171Z : [32minfo[39m : Connected to the database Brij_divine_stay
2024-05-31T10:27:55.791Z : [32minfo[39m : App is running at port 4003
2024-05-31T10:27:55.806Z : [32minfo[39m : Connected to the database Brij_divine_stay
2024-05-31T10:31:13.302Z : [32minfo[39m : App is running at port 4003
2024-05-31T10:31:13.319Z : [32minfo[39m : Connected to the database Brij_divine_stay
2024-05-31T10:31:31.494Z : [32minfo[39m : App is running at port 4003
2024-05-31T10:31:31.513Z : [32minfo[39m : Connected to the database Brij_divine_stay
2024-05-31T10:31:34.814Z : [32minfo[39m : App is running at port 4003
2024-05-31T10:31:34.828Z : [32minfo[39m : Connected to the database Brij_divine_stay
2024-05-31T10:32:10.273Z : [32minfo[39m : App is running at port 4003
2024-05-31T10:32:10.288Z : [32minfo[39m : Connected to the database Brij_divine_stay
2024-05-31T10:32:16.050Z : [32minfo[39m : App is running at port 4003
2024-05-31T10:32:16.067Z : [32minfo[39m : Connected to the database Brij_divine_stay
2024-05-31T10:32:20.541Z : [32minfo[39m : App is running at port 4003
2024-05-31T10:32:20.556Z : [32minfo[39m : Connected to the database Brij_divine_stay
2024-05-31T10:32:29.790Z : [32minfo[39m : App is running at port 4003
2024-05-31T10:32:29.805Z : [32minfo[39m : Connected to the database Brij_divine_stay
2024-05-31T10:32:50.741Z : [32minfo[39m : App is running at port 4003
2024-05-31T10:32:50.756Z : [32minfo[39m : Connected to the database Brij_divine_stay
2024-05-31T10:32:56.762Z : [32minfo[39m : App is running at port 4003
2024-05-31T10:32:56.778Z : [32minfo[39m : Connected to the database Brij_divine_stay
2024-05-31T10:33:04.541Z : [32minfo[39m : App is running at port 4003
2024-05-31T10:33:04.559Z : [32minfo[39m : Connected to the database Brij_divine_stay
2024-05-31T10:33:32.884Z : [32minfo[39m : App is running at port 4003
2024-05-31T10:33:32.900Z : [32minfo[39m : Connected to the database Brij_divine_stay
2024-05-31T10:33:45.277Z : [32minfo[39m : App is running at port 4003
2024-05-31T10:33:45.292Z : [32minfo[39m : Connected to the database Brij_divine_stay
2024-05-31T10:34:00.231Z : [32minfo[39m : App is running at port 4003
2024-05-31T10:34:00.247Z : [32minfo[39m : Connected to the database Brij_divine_stay
2024-05-31T10:34:05.515Z : [32minfo[39m : App is running at port 4003
2024-05-31T10:34:05.531Z : [32minfo[39m : Connected to the database Brij_divine_stay
2024-05-31T10:34:16.546Z : [32minfo[39m : App is running at port 4003
2024-05-31T10:34:16.564Z : [32minfo[39m : Connected to the database Brij_divine_stay
2024-05-31T10:34:23.077Z : [32minfo[39m : App is running at port 4003
2024-05-31T10:34:23.095Z : [32minfo[39m : Connected to the database Brij_divine_stay
2024-05-31T10:34:24.097Z : [32minfo[39m : App is running at port 4003
2024-05-31T10:34:24.111Z : [32minfo[39m : Connected to the database Brij_divine_stay
2024-05-31T10:35:31.140Z : [32minfo[39m : App is running at port 4003
2024-05-31T10:35:31.155Z : [32minfo[39m : Connected to the database Brij_divine_stay
2024-05-31T10:35:33.348Z : [32minfo[39m : App is running at port 4003
2024-05-31T10:35:33.363Z : [32minfo[39m : Connected to the database Brij_divine_stay
2024-05-31T10:38:46.976Z : [32minfo[39m : App is running at port 4003
2024-05-31T10:38:46.995Z : [32minfo[39m : Connected to the database Brij_divine_stay
2024-05-31T10:38:52.079Z : [32minfo[39m : App is running at port 4003
2024-05-31T10:38:52.095Z : [32minfo[39m : Connected to the database Brij_divine_stay
2024-05-31T10:39:00.123Z : [32minfo[39m : App is running at port 4003
2024-05-31T10:39:00.139Z : [32minfo[39m : Connected to the database Brij_divine_stay
2024-05-31T10:39:06.500Z : [32minfo[39m : App is running at port 4003
2024-05-31T10:39:06.514Z : [32minfo[39m : Connected to the database Brij_divine_stay
2024-05-31T10:39:11.548Z : [32minfo[39m : App is running at port 4003
2024-05-31T10:39:11.563Z : [32minfo[39m : Connected to the database Brij_divine_stay
2024-05-31T10:39:14.207Z : [32minfo[39m : App is running at port 4003
2024-05-31T10:39:14.223Z : [32minfo[39m : Connected to the database Brij_divine_stay
2024-05-31T10:39:15.170Z : [32minfo[39m : App is running at port 4003
2024-05-31T10:39:15.187Z : [32minfo[39m : Connected to the database Brij_divine_stay
2024-05-31T10:40:29.266Z : [32minfo[39m : App is running at port 4003
2024-05-31T10:40:29.282Z : [32minfo[39m : Connected to the database Brij_divine_stay
2024-05-31T10:41:02.909Z : [32minfo[39m : App is running at port 4003
2024-05-31T10:41:02.925Z : [32minfo[39m : Connected to the database Brij_divine_stay
2024-05-31T10:41:19.505Z : [32minfo[39m : App is running at port 4003
2024-05-31T10:41:19.520Z : [32minfo[39m : Connected to the database Brij_divine_stay
2024-05-31T10:41:47.289Z : [32minfo[39m : App is running at port 4003
2024-05-31T10:41:47.306Z : [32minfo[39m : Connected to the database Brij_divine_stay
2024-05-31T10:41:58.622Z : [32minfo[39m : App is running at port 4003
2024-05-31T10:41:58.637Z : [32minfo[39m : Connected to the database Brij_divine_stay
2024-05-31T10:42:03.946Z : [32minfo[39m : App is running at port 4003
2024-05-31T10:42:03.964Z : [32minfo[39m : Connected to the database Brij_divine_stay
2024-05-31T10:42:05.049Z : [32minfo[39m : App is running at port 4003
2024-05-31T10:42:05.064Z : [32minfo[39m : Connected to the database Brij_divine_stay
2024-05-31T10:42:08.040Z : [32minfo[39m : App is running at port 4003
2024-05-31T10:42:08.054Z : [32minfo[39m : Connected to the database Brij_divine_stay
2024-05-31T10:42:09.542Z : [32minfo[39m : App is running at port 4003
2024-05-31T10:42:09.560Z : [32minfo[39m : Connected to the database Brij_divine_stay
2024-05-31T10:42:10.832Z : [32minfo[39m : App is running at port 4003
2024-05-31T10:42:10.847Z : [32minfo[39m : Connected to the database Brij_divine_stay
2024-05-31T10:42:25.349Z : [32minfo[39m : App is running at port 4003
2024-05-31T10:42:25.370Z : [32minfo[39m : Connected to the database Brij_divine_stay
2024-05-31T10:42:26.925Z : [32minfo[39m : App is running at port 4003
2024-05-31T10:42:26.941Z : [32minfo[39m : Connected to the database Brij_divine_stay
2024-05-31T10:42:29.014Z : [32minfo[39m : App is running at port 4003
2024-05-31T10:42:29.029Z : [32minfo[39m : Connected to the database Brij_divine_stay
2024-05-31T10:42:30.645Z : [32minfo[39m : App is running at port 4003
2024-05-31T10:42:30.662Z : [32minfo[39m : Connected to the database Brij_divine_stay
2024-05-31T10:42:33.754Z : [32minfo[39m : App is running at port 4003
2024-05-31T10:42:33.771Z : [32minfo[39m : Connected to the database Brij_divine_stay
2024-05-31T10:42:35.377Z : [32minfo[39m : App is running at port 4003
2024-05-31T10:42:35.394Z : [32minfo[39m : Connected to the database Brij_divine_stay
2024-05-31T10:42:37.935Z : [32minfo[39m : App is running at port 4003
2024-05-31T10:42:37.958Z : [32minfo[39m : Connected to the database Brij_divine_stay
2024-05-31T10:42:38.889Z : [32minfo[39m : App is running at port 4003
2024-05-31T10:42:38.907Z : [32minfo[39m : Connected to the database Brij_divine_stay
2024-05-31T10:42:42.181Z : [32minfo[39m : App is running at port 4003
2024-05-31T10:42:42.195Z : [32minfo[39m : Connected to the database Brij_divine_stay
2024-05-31T10:42:45.363Z : [32minfo[39m : App is running at port 4003
2024-05-31T10:42:45.377Z : [32minfo[39m : Connected to the database Brij_divine_stay
2024-05-31T10:42:51.819Z : [32minfo[39m : App is running at port 4003
2024-05-31T10:42:51.835Z : [32minfo[39m : Connected to the database Brij_divine_stay
2024-05-31T10:43:02.786Z : [32minfo[39m : App is running at port 4003
2024-05-31T10:43:02.803Z : [32minfo[39m : Connected to the database Brij_divine_stay
2024-05-31T10:43:04.112Z : [32minfo[39m : App is running at port 4003
2024-05-31T10:43:04.129Z : [32minfo[39m : Connected to the database Brij_divine_stay
2024-05-31T10:43:06.449Z : [32minfo[39m : App is running at port 4003
2024-05-31T10:43:06.466Z : [32minfo[39m : Connected to the database Brij_divine_stay
2024-05-31T10:43:11.463Z : [32minfo[39m : App is running at port 4003
2024-05-31T10:43:11.479Z : [32minfo[39m : Connected to the database Brij_divine_stay
2024-05-31T10:43:14.639Z : [32minfo[39m : App is running at port 4003
2024-05-31T10:43:14.662Z : [32minfo[39m : Connected to the database Brij_divine_stay
2024-05-31T10:43:16.857Z : [32minfo[39m : App is running at port 4003
2024-05-31T10:43:16.872Z : [32minfo[39m : Connected to the database Brij_divine_stay
2024-05-31T10:43:20.610Z : [32minfo[39m : App is running at port 4003
2024-05-31T10:43:20.627Z : [32minfo[39m : Connected to the database Brij_divine_stay
2024-05-31T10:43:36.718Z : [32minfo[39m : App is running at port 4003
2024-05-31T10:43:36.732Z : [32minfo[39m : Connected to the database Brij_divine_stay
2024-05-31T10:43:38.456Z : [32minfo[39m : App is running at port 4003
2024-05-31T10:43:38.471Z : [32minfo[39m : Connected to the database Brij_divine_stay
2024-05-31T10:43:49.553Z : [32minfo[39m : App is running at port 4003
2024-05-31T10:43:49.567Z : [32minfo[39m : Connected to the database Brij_divine_stay
2024-05-31T10:43:57.291Z : [32minfo[39m : App is running at port 4003
2024-05-31T10:43:57.308Z : [32minfo[39m : Connected to the database Brij_divine_stay
2024-05-31T10:44:00.492Z : [32minfo[39m : App is running at port 4003
2024-05-31T10:44:00.509Z : [32minfo[39m : Connected to the database Brij_divine_stay
2024-05-31T10:44:02.488Z : [32minfo[39m : App is running at port 4003
2024-05-31T10:44:02.504Z : [32minfo[39m : Connected to the database Brij_divine_stay
2024-05-31T10:44:08.393Z : [32minfo[39m : App is running at port 4003
2024-05-31T10:44:08.411Z : [32minfo[39m : Connected to the database Brij_divine_stay
2024-05-31T10:44:14.949Z : [32minfo[39m : App is running at port 4003
2024-05-31T10:44:14.966Z : [32minfo[39m : Connected to the database Brij_divine_stay
2024-05-31T10:44:19.363Z : [32minfo[39m : App is running at port 4003
2024-05-31T10:44:19.378Z : [32minfo[39m : Connected to the database Brij_divine_stay
2024-05-31T10:44:22.097Z : [32minfo[39m : App is running at port 4003
2024-05-31T10:44:22.112Z : [32minfo[39m : Connected to the database Brij_divine_stay
2024-05-31T10:44:29.647Z : [32minfo[39m : App is running at port 4003
2024-05-31T10:44:29.663Z : [32minfo[39m : Connected to the database Brij_divine_stay
2024-05-31T10:44:33.940Z : [32minfo[39m : App is running at port 4003
2024-05-31T10:44:33.959Z : [32minfo[39m : Connected to the database Brij_divine_stay
2024-05-31T10:44:46.551Z : [32minfo[39m : App is running at port 4003
2024-05-31T10:44:46.567Z : [32minfo[39m : Connected to the database Brij_divine_stay
2024-05-31T10:45:04.426Z : [32minfo[39m : App is running at port 4003
2024-05-31T10:45:04.440Z : [32minfo[39m : Connected to the database Brij_divine_stay
2024-05-31T10:45:06.449Z : [32minfo[39m : App is running at port 4003
2024-05-31T10:45:06.470Z : [32minfo[39m : Connected to the database Brij_divine_stay
2024-05-31T10:45:08.964Z : [32minfo[39m : App is running at port 4003
2024-05-31T10:45:08.986Z : [32minfo[39m : Connected to the database Brij_divine_stay
2024-05-31T10:45:10.492Z : [32minfo[39m : App is running at port 4003
2024-05-31T10:45:10.508Z : [32minfo[39m : Connected to the database Brij_divine_stay
2024-05-31T10:45:11.593Z : [32minfo[39m : App is running at port 4003
2024-05-31T10:45:11.615Z : [32minfo[39m : Connected to the database Brij_divine_stay
2024-05-31T10:45:22.650Z : [32minfo[39m : App is running at port 4003
2024-05-31T10:45:22.665Z : [32minfo[39m : Connected to the database Brij_divine_stay
2024-05-31T10:45:29.542Z : [32minfo[39m : App is running at port 4003
2024-05-31T10:45:29.556Z : [32minfo[39m : Connected to the database Brij_divine_stay
2024-05-31T10:45:32.876Z : [32minfo[39m : App is running at port 4003
2024-05-31T10:45:32.892Z : [32minfo[39m : Connected to the database Brij_divine_stay
2024-05-31T10:45:42.755Z : [32minfo[39m : App is running at port 4003
2024-05-31T10:45:42.770Z : [32minfo[39m : Connected to the database Brij_divine_stay
2024-05-31T10:45:47.133Z : [32minfo[39m : App is running at port 4003
2024-05-31T10:45:47.148Z : [32minfo[39m : Connected to the database Brij_divine_stay
2024-05-31T10:46:04.086Z : [32minfo[39m : App is running at port 4003
2024-05-31T10:46:04.102Z : [32minfo[39m : Connected to the database Brij_divine_stay
2024-05-31T10:46:10.217Z : [32minfo[39m : App is running at port 4003
2024-05-31T10:46:10.233Z : [32minfo[39m : Connected to the database Brij_divine_stay
2024-05-31T10:46:13.149Z : [32minfo[39m : App is running at port 4003
2024-05-31T10:46:13.165Z : [32minfo[39m : Connected to the database Brij_divine_stay
2024-05-31T10:46:15.824Z : [32minfo[39m : App is running at port 4003
2024-05-31T10:46:15.841Z : [32minfo[39m : Connected to the database Brij_divine_stay
2024-05-31T10:46:24.148Z : [32minfo[39m : App is running at port 4003
2024-05-31T10:46:24.164Z : [32minfo[39m : Connected to the database Brij_divine_stay
